(12-08-2020 14:28:06) Opening the database and reading the table into excel sheet
(12-08-2020 14:32:39) Opening the database and reading the table into excel sheet
(12-08-2020 14:36:58) Opening the database and reading the table into excel sheet
(12-08-2020 14:37:00) Opening the excel sheet and assigning values to excel 
(12-08-2020 14:37:08) Opening the customer details from access
(12-08-2020 14:45:15) Opening the database and reading the table into excel sheet
(12-08-2020 14:45:17) Opening the excel sheet and assigning values to excel 
(12-08-2020 14:45:26) Opening the customer details from access
(12-08-2020 14:45:26) Launching the browser for whatsapp process
(12-08-2020 14:45:27) Opening the excel file to read the columns
(12-08-2020 16:05:49) Opening the database and reading the table into excel sheet
(12-08-2020 16:05:50) Opening the excel sheet and assigning values to excel 
(12-08-2020 16:07:36) Opening the database and reading the table into excel sheet
(12-08-2020 16:07:38) Opening the excel sheet and assigning values to excel 
(12-08-2020 16:08:39) Opening the database and reading the table into excel sheet
(12-08-2020 16:08:41) Opening the excel sheet and assigning values to excel 
(12-08-2020 16:18:00) Opening the database and reading the table into excel sheet
(12-08-2020 16:18:02) Opening the excel sheet and assigning values to excel 
(12-08-2020 16:25:32) Opening the database and reading the table into excel sheet
(12-08-2020 16:25:35) Opening the excel sheet and assigning values to excel 
(12-08-2020 16:34:44) Opening the database and reading the table into excel sheet
(12-08-2020 16:35:16) Opening the excel sheet and assigning values to excel 
(12-08-2020 16:41:53) Opening the database and reading the table into excel sheet
(12-08-2020 16:42:38) Opening the excel sheet and assigning values to excel 
(12-08-2020 16:44:38) Opening the database and reading the table into excel sheet
(12-08-2020 16:44:47) Opening the excel sheet and assigning values to excel 
(12-08-2020 16:49:31) Opening the database and reading the table into excel sheet
(12-08-2020 16:49:36) Opening the excel sheet and assigning values to excel 
(12-08-2020 16:54:28) Opening the database and reading the table into excel sheet
(12-08-2020 16:54:50) Opening the excel sheet and assigning values to excel 
(12-08-2020 16:55:00) Opening the customer details from access
(12-08-2020 17:02:44) Opening the database and reading the table into excel sheet
(12-08-2020 17:02:49) Opening the excel sheet and assigning values to excel 
(12-08-2020 17:02:59) Opening the customer details from access
(12-08-2020 17:03:00) Launching the browser for whatsapp process
(12-08-2020 17:03:00) Opening the excel file to read the columns
(12-08-2020 17:05:57) Opening the database and reading the table into excel sheet
(12-08-2020 17:06:02) Opening the excel sheet and assigning values to excel 
(12-08-2020 17:06:11) Opening the customer details from access
(12-08-2020 17:06:12) Launching the browser for whatsapp process
(12-08-2020 17:06:12) Opening the excel file to read the columns
(12-08-2020 17:17:49) Opening the database and reading the table into excel sheet
(12-08-2020 17:17:55) Opening the excel sheet and assigning values to excel 
(12-08-2020 17:18:27) Opening the customer details from access
(12-08-2020 17:22:15) Opening the database and reading the table into excel sheet
(12-08-2020 17:22:17) Opening the excel sheet and assigning values to excel 
(12-08-2020 17:22:25) Opening the customer details from access
(12-08-2020 17:22:25) Launching the browser for whatsapp process
(12-08-2020 17:22:25) Opening the excel file to read the columns
(12-08-2020 17:28:34) Opening the database and reading the table into excel sheet
(12-08-2020 17:28:36) Opening the excel sheet and assigning values to excel 
(12-08-2020 17:28:46) Opening the customer details from access
(12-08-2020 17:28:46) Launching the browser for whatsapp process
(12-08-2020 17:28:47) Opening the excel file to read the columns
(12-08-2020 17:33:47) Opening the database and reading the table into excel sheet
(12-08-2020 17:33:49) Opening the excel sheet and assigning values to excel 
(12-08-2020 17:33:59) Opening the customer details from access
(12-08-2020 17:33:59) Launching the browser for whatsapp process
(12-08-2020 17:34:00) Opening the excel file to read the columns
(12-08-2020 17:39:48) Opening the database and reading the table into excel sheet
(12-08-2020 17:39:50) Opening the excel sheet and assigning values to excel 
(12-08-2020 17:39:59) Opening the customer details from access
(12-08-2020 17:40:00) Launching the browser for whatsapp process
(12-08-2020 17:40:00) Opening the excel file to read the columns
(12-08-2020 17:41:26) For invalid mobile number
(12-08-2020 17:41:30) if email id is not present
(12-08-2020 17:41:30) For sending the email if emaild id is correct
(12-08-2020 18:44:11) Opening the database and reading the table into excel sheet
(12-08-2020 18:44:13) Opening the excel sheet and assigning values to excel 
(12-08-2020 18:44:23) Opening the customer details from access
(12-08-2020 18:44:23) Launching the browser for whatsapp process
(12-08-2020 18:44:24) Opening the excel file to read the columns
(12-08-2020 18:44:55) For invalid mobile number
(12-08-2020 18:44:57) if email id is not present
(12-08-2020 18:44:57) For sending the email if emaild id is correct
(12-08-2020 19:33:47) Opening the database and reading the table into excel sheet
(12-08-2020 19:33:49) Opening the excel sheet and assigning values to excel 
(12-08-2020 19:33:58) Opening the customer details from access
(12-08-2020 19:33:58) Launching the browser for whatsapp process
(12-08-2020 19:33:58) Opening the excel file to read the columns
(12-08-2020 19:42:27) Opening the database and reading the table into excel sheet
(12-08-2020 19:42:29) Opening the excel sheet and assigning values to excel 
(12-08-2020 19:42:37) Opening the customer details from access
(12-08-2020 19:42:37) Launching the browser for whatsapp process
(12-08-2020 19:42:38) Opening the excel file to read the columns
(12-08-2020 19:43:35) For invalid mobile number
(12-08-2020 19:43:52) For valid mobile number
(12-08-2020 19:44:05) if email id is not present
(12-08-2020 19:44:05) For sending the email if emaild id is correct
(12-08-2020 19:44:37) For invalid mobile number
(12-08-2020 19:44:52) For valid mobile number
(12-08-2020 19:45:04) if email id is not present
(12-08-2020 19:45:04) For sending the email if emaild id is correct
(12-08-2020 19:45:32) For invalid mobile number
(12-08-2020 19:45:47) For valid mobile number
(12-08-2020 19:45:59) if email id is not present
(12-08-2020 19:45:59) For sending the email if emaild id is correct
(12-08-2020 19:46:25) For invalid mobile number
(12-08-2020 19:46:27) if email id is not present
(12-08-2020 19:46:50) For invalid mobile number
(12-08-2020 19:47:07) For valid mobile number
(12-08-2020 19:47:19) if email id is not present
(12-08-2020 19:47:19) For sending the email if emaild id is correct
(12-08-2020 19:47:31) The whole process ends 
(12-08-2020 20:00:48) Opening the database and reading the table into excel sheet
(12-08-2020 20:00:49) Opening the excel sheet and assigning values to excel 
(12-08-2020 20:00:55) Opening the customer details from access
(12-08-2020 20:00:55) Launching the browser for whatsapp process
(12-08-2020 20:00:56) Opening the excel file to read the columns
(12-08-2020 20:06:18) Opening the database and reading the table into excel sheet
(12-08-2020 20:06:19) Opening the excel sheet and assigning values to excel 
(12-08-2020 20:06:24) Opening the customer details from access
(12-08-2020 20:06:24) Launching the browser for whatsapp process
(12-08-2020 20:06:24) Opening the excel file to read the columns
(12-08-2020 20:06:43) For invalid mobile number
(12-08-2020 20:07:00) For valid mobile number
(12-08-2020 20:07:10) if email id is not present
(12-08-2020 20:07:10) For sending the email if emaild id is correct
(12-08-2020 20:07:50) For invalid mobile number
(12-08-2020 20:08:06) For valid mobile number
(12-08-2020 20:08:16) if email id is not present
(12-08-2020 20:08:16) For sending the email if emaild id is correct
(12-08-2020 20:08:45) For invalid mobile number
(12-08-2020 20:09:01) For valid mobile number
(12-08-2020 20:09:10) if email id is not present
(12-08-2020 20:09:10) For sending the email if emaild id is correct
(12-08-2020 20:19:48) Opening the database and reading the table into excel sheet
(12-08-2020 20:19:50) Opening the excel sheet and assigning values to excel 
(12-08-2020 20:19:54) Opening the customer details from access
(12-08-2020 20:19:54) Launching the browser for whatsapp process
(12-08-2020 20:19:55) Opening the excel file to read the columns
(12-08-2020 20:20:16) For invalid mobile number
(12-08-2020 20:20:33) For valid mobile number
(12-08-2020 20:20:43) if email id is not present
(12-08-2020 20:20:43) For sending the email if emaild id is correct
(12-08-2020 20:22:26) Opening the database and reading the table into excel sheet
(12-08-2020 20:22:27) Opening the excel sheet and assigning values to excel 
(12-08-2020 20:22:32) Opening the customer details from access
(12-08-2020 20:22:32) Launching the browser for whatsapp process
(12-08-2020 20:22:32) Opening the excel file to read the columns
(12-08-2020 20:22:52) For invalid mobile number
(12-08-2020 20:23:07) For valid mobile number
(12-08-2020 20:23:44) Opening the database and reading the table into excel sheet
(12-08-2020 20:23:45) Opening the excel sheet and assigning values to excel 
(12-08-2020 20:23:50) Opening the customer details from access
(12-08-2020 20:23:50) Launching the browser for whatsapp process
(12-08-2020 20:23:50) Opening the excel file to read the columns
(12-08-2020 20:24:11) For invalid mobile number
(12-08-2020 20:24:27) For valid mobile number
(12-08-2020 20:24:37) if email id is not present
(12-08-2020 20:24:37) For sending the email if emaild id is correct
(12-08-2020 20:25:09) For invalid mobile number
(12-08-2020 20:25:26) For valid mobile number
(12-08-2020 20:25:35) if email id is not present
(12-08-2020 20:25:35) For sending the email if emaild id is correct
(12-08-2020 20:26:03) For invalid mobile number
(12-08-2020 20:26:20) For valid mobile number
(12-08-2020 20:26:29) if email id is not present
(12-08-2020 20:26:29) For sending the email if emaild id is correct
(12-08-2020 20:26:54) For invalid mobile number
(12-08-2020 20:26:54) if email id is not present
(12-08-2020 20:27:13) For invalid mobile number
(12-08-2020 20:27:29) For valid mobile number
(12-08-2020 20:27:39) if email id is not present
(12-08-2020 20:27:39) For sending the email if emaild id is correct
(12-08-2020 20:31:07) Opening the database and reading the table into excel sheet
(12-08-2020 20:31:08) Opening the excel sheet and assigning values to excel 
(12-08-2020 20:31:13) Opening the customer details from access
(12-08-2020 20:31:13) Launching the browser for whatsapp process
(12-08-2020 20:31:13) Opening the excel file to read the columns
(12-08-2020 20:31:33) For invalid mobile number
(12-08-2020 20:31:49) For valid mobile number
(12-08-2020 20:31:59) if email id is not present
(12-08-2020 20:31:59) For sending the email if emaild id is correct
(12-08-2020 20:32:26) For invalid mobile number
(12-08-2020 20:32:42) For valid mobile number
(12-08-2020 20:32:52) if email id is not present
(12-08-2020 20:32:52) For sending the email if emaild id is correct
(12-08-2020 20:33:20) For invalid mobile number
(12-08-2020 20:33:37) For valid mobile number
(12-08-2020 20:33:46) if email id is not present
(12-08-2020 20:33:46) For sending the email if emaild id is correct
(12-08-2020 20:34:24) For invalid mobile number
(12-08-2020 20:34:25) if email id is not present
(12-08-2020 20:34:42) For invalid mobile number
(12-08-2020 20:34:58) For valid mobile number
(12-08-2020 20:35:08) if email id is not present
(12-08-2020 20:35:08) For sending the email if emaild id is correct
(12-08-2020 20:35:50) The whole process ends 
(13-08-2020 01:29:25) Opening the database and reading the table into excel sheet
(13-08-2020 01:29:27) Opening the excel sheet and assigning values to excel 
(13-08-2020 01:29:35) Opening the customer details from access
(13-08-2020 01:29:35) Launching the browser for whatsapp process
(13-08-2020 01:29:35) Opening the excel file to read the columns
(13-08-2020 01:29:48) For invalid mobile number
(13-08-2020 01:30:05) For valid mobile number
(13-08-2020 01:30:17) if email id is not present
(13-08-2020 01:30:17) For sending the email if emaild id is correct
(13-08-2020 01:30:45) For invalid mobile number
(13-08-2020 01:31:01) For valid mobile number
(13-08-2020 01:31:12) if email id is not present
(13-08-2020 01:31:12) For sending the email if emaild id is correct
(13-08-2020 01:31:56) For invalid mobile number
(13-08-2020 01:32:12) For valid mobile number
(13-08-2020 01:32:22) if email id is not present
(13-08-2020 01:32:22) For sending the email if emaild id is correct
(13-08-2020 01:32:55) For invalid mobile number
(13-08-2020 01:33:01) if email id is not present
(13-08-2020 01:33:12) For invalid mobile number
(13-08-2020 01:33:27) For valid mobile number
(13-08-2020 01:33:38) if email id is not present
(13-08-2020 01:33:38) For sending the email if emaild id is correct
(13-08-2020 01:33:52) The whole process ends 
